2023-12-10 10:16:46,180 [PID 17345] INFO Stopping classic server...
2023-12-10 10:16:46,180 [PID 17345] INFO Socket is /var/folders/ls/vvhsv1fd2qv6ll1p2k4dg3z80000gt/T/pyre_server_ed1c6f2a062134950da730514318b7d8.sock
2023-12-10 10:16:46,181 [PID 17345] INFO No running Pyre server to stop.

2023-12-10 10:16:46,181 [PID 17345] INFO Waiting for server...
2023-12-10 10:16:46,198 [PID 17345] INFO Cannot find a running Pyre server. Starting a new one...
2023-12-10 10:16:46,198 [PID 17345] INFO No binary specified, looking for `pyre.bin` in PATH
2023-12-10 10:16:46,200 [PID 17345] INFO Pyre binary is located at `/Users/shimizumasami/opt/anaconda3/bin/pyre.bin`
2023-12-10 10:16:46,200 [PID 17345] INFO Could not determine the number of Pyre workers from configuration. Auto-set the value to 3.
2023-12-10 10:16:46,328 [PID 17345] INFO No typeshed specified, looking for it...
2023-12-10 10:16:46,328 [PID 17345] INFO Found: `/Users/shimizumasami/opt/anaconda3/lib/pyre_check/typeshed`
2023-12-10 10:16:46,332 [PID 17345] WARNING Cannot find a watchman root. Incremental check will not be functional since no filesystem updates will be sent to the Pyre server.
2023-12-10 10:16:46,332 [PID 17345] INFO Starting server at `/Users/shimizumasami/Desktop/清水正巳のフォルダ/個人用/勉強/@Umich/GRE/Vocabulary/Vocabulary/github`...
2023-12-10 10:16:46,333 [PID 17345] INFO Writing arguments into /var/folders/ls/vvhsv1fd2qv6ll1p2k4dg3z80000gt/T/pyre_arguments_8r6qorsl.json...
2023-12-10 10:16:46,333 [PID 17345] DEBUG Arguments:
{
  "source_paths": {
    "kind": "simple",
    "paths": [
      "/Users/shimizumasami/Desktop/\u6e05\u6c34\u6b63\u5df3\u306e\u30d5\u30a9\u30eb\u30bf\u3099/\u500b\u4eba\u7528/\u52c9\u5f37/@Umich/GRE/Vocabulary/Vocabulary/github"
    ]
  },
  "search_paths": [
    "/Users/shimizumasami/opt/anaconda3/lib/python3.8/site-packages$typeguard",
    "/Users/shimizumasami/opt/anaconda3/lib/python3.8/site-packages$pyrsistent",
    "/Users/shimizumasami/opt/anaconda3/lib/python3.8/site-packages$pytest",
    "/Users/shimizumasami/opt/anaconda3/lib/python3.8/site-packages$importlib_metadata",
    "/Users/shimizumasami/opt/anaconda3/lib/python3.8/site-packages$py",
    "/Users/shimizumasami/opt/anaconda3/lib/python3.8/site-packages$marshmallow",
    "/Users/shimizumasami/opt/anaconda3/lib/python3.8/site-packages$cryptography",
    "/Users/shimizumasami/opt/anaconda3/lib/python3.8/site-packages$anyio",
    "/Users/shimizumasami/opt/anaconda3/lib/python3.8/site-packages$iniconfig",
    "/Users/shimizumasami/opt/anaconda3/lib/python3.8/site-packages$prompt_toolkit",
    "/Users/shimizumasami/opt/anaconda3/lib/python3.8/site-packages$sniffio",
    "/Users/shimizumasami/opt/anaconda3/lib/python3.8/site-packages$testslide",
    "/Users/shimizumasami/opt/anaconda3/lib/python3.8/site-packages$keyring",
    "/Users/shimizumasami/opt/anaconda3/lib/python3.8/site-packages$packaging",
    "/Users/shimizumasami/opt/anaconda3/lib/python3.8/site-packages$sphinx",
    "/Users/shimizumasami/opt/anaconda3/lib/python3.8/site-packages$attr",
    "/Users/shimizumasami/opt/anaconda3/lib/python3.8/site-packages$libcst",
    "/Users/shimizumasami/opt/anaconda3/lib/python3.8/site-packages$_pytest",
    "/Users/shimizumasami/opt/anaconda3/lib/python3.8/site-packages$click",
    "/Users/shimizumasami/opt/anaconda3/lib/python3.8/site-packages$dataclasses_json",
    "/Users/shimizumasami/opt/anaconda3/lib/python3.8/site-packages$isort",
    "/Users/shimizumasami/opt/anaconda3/lib/python3.8/site-packages$tornado",
    "/Users/shimizumasami/opt/anaconda3/lib/python3.8/site-packages$Crypto",
    "/Users/shimizumasami/opt/anaconda3/lib/python3.8/site-packages$numpy",
    "/Users/shimizumasami/opt/anaconda3/lib/python3.8/site-packages$unidecode",
    "/Users/shimizumasami/opt/anaconda3/lib/pyre_check/typeshed/stdlib",
    "/Users/shimizumasami/opt/anaconda3/lib/pyre_check/typeshed/stubs/D3DShot",
    "/Users/shimizumasami/opt/anaconda3/lib/pyre_check/typeshed/stubs/DateTimeRange",
    "/Users/shimizumasami/opt/anaconda3/lib/pyre_check/typeshed/stubs/Deprecated",
    "/Users/shimizumasami/opt/anaconda3/lib/pyre_check/typeshed/stubs/ExifRead",
    "/Users/shimizumasami/opt/anaconda3/lib/pyre_check/typeshed/stubs/Flask-Cors",
    "/Users/shimizumasami/opt/anaconda3/lib/pyre_check/typeshed/stubs/Flask-Migrate",
    "/Users/shimizumasami/opt/anaconda3/lib/pyre_check/typeshed/stubs/Flask-SQLAlchemy",
    "/Users/shimizumasami/opt/anaconda3/lib/pyre_check/typeshed/stubs/JACK-Client",
    "/Users/shimizumasami/opt/anaconda3/lib/pyre_check/typeshed/stubs/Markdown",
    "/Users/shimizumasami/opt/anaconda3/lib/pyre_check/typeshed/stubs/Pillow",
    "/Users/shimizumasami/opt/anaconda3/lib/pyre_check/typeshed/stubs/PyAutoGUI",
    "/Users/shimizumasami/opt/anaconda3/lib/pyre_check/typeshed/stubs/PyMySQL",
    "/Users/shimizumasami/opt/anaconda3/lib/pyre_check/typeshed/stubs/PyScreeze",
    "/Users/shimizumasami/opt/anaconda3/lib/pyre_check/typeshed/stubs/PyYAML",
    "/Users/shimizumasami/opt/anaconda3/lib/pyre_check/typeshed/stubs/Pygments",
    "/Users/shimizumasami/opt/anaconda3/lib/pyre_check/typeshed/stubs/SQLAlchemy",
    "/Users/shimizumasami/opt/anaconda3/lib/pyre_check/typeshed/stubs/Send2Trash",
    "/Users/shimizumasami/opt/anaconda3/lib/pyre_check/typeshed/stubs/aiofiles",
    "/Users/shimizumasami/opt/anaconda3/lib/pyre_check/typeshed/stubs/annoy",
    "/Users/shimizumasami/opt/anaconda3/lib/pyre_check/typeshed/stubs/appdirs",
    "/Users/shimizumasami/opt/anaconda3/lib/pyre_check/typeshed/stubs/aws-xray-sdk",
    "/Users/shimizumasami/opt/anaconda3/lib/pyre_check/typeshed/stubs/babel",
    "/Users/shimizumasami/opt/anaconda3/lib/pyre_check/typeshed/stubs/backports.ssl_match_hostname",
    "/Users/shimizumasami/opt/anaconda3/lib/pyre_check/typeshed/stubs/beautifulsoup4",
    "/Users/shimizumasami/opt/anaconda3/lib/pyre_check/typeshed/stubs/bleach",
    "/Users/shimizumasami/opt/anaconda3/lib/pyre_check/typeshed/stubs/boto",
    "/Users/shimizumasami/opt/anaconda3/lib/pyre_check/typeshed/stubs/braintree",
    "/Users/shimizumasami/opt/anaconda3/lib/pyre_check/typeshed/stubs/cachetools",
    "/Users/shimizumasami/opt/anaconda3/lib/pyre_check/typeshed/stubs/caldav",
    "/Users/shimizumasami/opt/anaconda3/lib/pyre_check/typeshed/stubs/cffi",
    "/Users/shimizumasami/opt/anaconda3/lib/pyre_check/typeshed/stubs/chardet",
    "/Users/shimizumasami/opt/anaconda3/lib/pyre_check/typeshed/stubs/chevron",
    "/Users/shimizumasami/opt/anaconda3/lib/pyre_check/typeshed/stubs/click-spinner",
    "/Users/shimizumasami/opt/anaconda3/lib/pyre_check/typeshed/stubs/colorama",
    "/Users/shimizumasami/opt/anaconda3/lib/pyre_check/typeshed/stubs/commonmark",
    "/Users/shimizumasami/opt/anaconda3/lib/pyre_check/typeshed/stubs/console-menu",
    "/Users/shimizumasami/opt/anaconda3/lib/pyre_check/typeshed/stubs/contextvars",
    "/Users/shimizumasami/opt/anaconda3/lib/pyre_check/typeshed/stubs/croniter",
    "/Users/shimizumasami/opt/anaconda3/lib/pyre_check/typeshed/stubs/dateparser",
    "/Users/shimizumasami/opt/anaconda3/lib/pyre_check/typeshed/stubs/decorator",
    "/Users/shimizumasami/opt/anaconda3/lib/pyre_check/typeshed/stubs/dj-database-url",
    "/Users/shimizumasami/opt/anaconda3/lib/pyre_check/typeshed/stubs/dockerfile-parse",
    "/Users/shimizumasami/opt/anaconda3/lib/pyre_check/typeshed/stubs/docopt",
    "/Users/shimizumasami/opt/anaconda3/lib/pyre_check/typeshed/stubs/docutils",
    "/Users/shimizumasami/opt/anaconda3/lib/pyre_check/typeshed/stubs/editdistance",
    "/Users/shimizumasami/opt/anaconda3/lib/pyre_check/typeshed/stubs/emoji",
    "/Users/shimizumasami/opt/anaconda3/lib/pyre_check/typeshed/stubs/entrypoints",
    "/Users/shimizumasami/opt/anaconda3/lib/pyre_check/typeshed/stubs/first",
    "/Users/shimizumasami/opt/anaconda3/lib/pyre_check/typeshed/stubs/flake8-2020",
    "/Users/shimizumasami/opt/anaconda3/lib/pyre_check/typeshed/stubs/flake8-bugbear",
    "/Users/shimizumasami/opt/anaconda3/lib/pyre_check/typeshed/stubs/flake8-builtins",
    "/Users/shimizumasami/opt/anaconda3/lib/pyre_check/typeshed/stubs/flake8-docstrings",
    "/Users/shimizumasami/opt/anaconda3/lib/pyre_check/typeshed/stubs/flake8-plugin-utils",
    "/Users/shimizumasami/opt/anaconda3/lib/pyre_check/typeshed/stubs/flake8-rst-docstrings",
    "/Users/shimizumasami/opt/anaconda3/lib/pyre_check/typeshed/stubs/flake8-simplify",
    "/Users/shimizumasami/opt/anaconda3/lib/pyre_check/typeshed/stubs/flake8-typing-imports",
    "/Users/shimizumasami/opt/anaconda3/lib/pyre_check/typeshed/stubs/fpdf2",
    "/Users/shimizumasami/opt/anaconda3/lib/pyre_check/typeshed/stubs/gdb",
    "/Users/shimizumasami/opt/anaconda3/lib/pyre_check/typeshed/stubs/google-cloud-ndb",
    "/Users/shimizumasami/opt/anaconda3/lib/pyre_check/typeshed/stubs/hdbcli",
    "/Users/shimizumasami/opt/anaconda3/lib/pyre_check/typeshed/stubs/html5lib",
    "/Users/shimizumasami/opt/anaconda3/lib/pyre_check/typeshed/stubs/httplib2",
    "/Users/shimizumasami/opt/anaconda3/lib/pyre_check/typeshed/stubs/humanfriendly",
    "/Users/shimizumasami/opt/anaconda3/lib/pyre_check/typeshed/stubs/ibm-db",
    "/Users/shimizumasami/opt/anaconda3/lib/pyre_check/typeshed/stubs/influxdb-client",
    "/Users/shimizumasami/opt/anaconda3/lib/pyre_check/typeshed/stubs/invoke",
    "/Users/shimizumasami/opt/anaconda3/lib/pyre_check/typeshed/stubs/jmespath",
    "/Users/shimizumasami/opt/anaconda3/lib/pyre_check/typeshed/stubs/jsonschema",
    "/Users/shimizumasami/opt/anaconda3/lib/pyre_check/typeshed/stubs/keyboard",
    "/Users/shimizumasami/opt/anaconda3/lib/pyre_check/typeshed/stubs/ldap3",
    "/Users/shimizumasami/opt/anaconda3/lib/pyre_check/typeshed/stubs/mock",
    "/Users/shimizumasami/opt/anaconda3/lib/pyre_check/typeshed/stubs/mypy-extensions",
    "/Users/shimizumasami/opt/anaconda3/lib/pyre_check/typeshed/stubs/mysqlclient",
    "/Users/shimizumasami/opt/anaconda3/lib/pyre_check/typeshed/stubs/netaddr",
    "/Users/shimizumasami/opt/anaconda3/lib/pyre_check/typeshed/stubs/oauthlib",
    "/Users/shimizumasami/opt/anaconda3/lib/pyre_check/typeshed/stubs/openpyxl",
    "/Users/shimizumasami/opt/anaconda3/lib/pyre_check/typeshed/stubs/opentracing",
    "/Users/shimizumasami/opt/anaconda3/lib/pyre_check/typeshed/stubs/paho-mqtt",
    "/Users/shimizumasami/opt/anaconda3/lib/pyre_check/typeshed/stubs/paramiko",
    "/Users/shimizumasami/opt/anaconda3/lib/pyre_check/typeshed/stubs/parsimonious",
    "/Users/shimizumasami/opt/anaconda3/lib/pyre_check/typeshed/stubs/passlib",
    "/Users/shimizumasami/opt/anaconda3/lib/pyre_check/typeshed/stubs/passpy",
    "/Users/shimizumasami/opt/anaconda3/lib/pyre_check/typeshed/stubs/peewee",
    "/Users/shimizumasami/opt/anaconda3/lib/pyre_check/typeshed/stubs/pep8-naming",
    "/Users/shimizumasami/opt/anaconda3/lib/pyre_check/typeshed/stubs/pika",
    "/Users/shimizumasami/opt/anaconda3/lib/pyre_check/typeshed/stubs/playsound",
    "/Users/shimizumasami/opt/anaconda3/lib/pyre_check/typeshed/stubs/polib",
    "/Users/shimizumasami/opt/anaconda3/lib/pyre_check/typeshed/stubs/prettytable",
    "/Users/shimizumasami/opt/anaconda3/lib/pyre_check/typeshed/stubs/protobuf",
    "/Users/shimizumasami/opt/anaconda3/lib/pyre_check/typeshed/stubs/psutil",
    "/Users/shimizumasami/opt/anaconda3/lib/pyre_check/typeshed/stubs/psycopg2",
    "/Users/shimizumasami/opt/anaconda3/lib/pyre_check/typeshed/stubs/pyOpenSSL",
    "/Users/shimizumasami/opt/anaconda3/lib/pyre_check/typeshed/stubs/pyRFC3339",
    "/Users/shimizumasami/opt/anaconda3/lib/pyre_check/typeshed/stubs/pyasn1",
    "/Users/shimizumasami/opt/anaconda3/lib/pyre_check/typeshed/stubs/pyaudio",
    "/Users/shimizumasami/opt/anaconda3/lib/pyre_check/typeshed/stubs/pycocotools",
    "/Users/shimizumasami/opt/anaconda3/lib/pyre_check/typeshed/stubs/pycurl",
    "/Users/shimizumasami/opt/anaconda3/lib/pyre_check/typeshed/stubs/pyfarmhash",
    "/Users/shimizumasami/opt/anaconda3/lib/pyre_check/typeshed/stubs/pyflakes",
    "/Users/shimizumasami/opt/anaconda3/lib/pyre_check/typeshed/stubs/pyinstaller",
    "/Users/shimizumasami/opt/anaconda3/lib/pyre_check/typeshed/stubs/pynput",
    "/Users/shimizumasami/opt/anaconda3/lib/pyre_check/typeshed/stubs/pyserial",
    "/Users/shimizumasami/opt/anaconda3/lib/pyre_check/typeshed/stubs/pysftp",
    "/Users/shimizumasami/opt/anaconda3/lib/pyre_check/typeshed/stubs/pytest-lazy-fixture",
    "/Users/shimizumasami/opt/anaconda3/lib/pyre_check/typeshed/stubs/python-crontab",
    "/Users/shimizumasami/opt/anaconda3/lib/pyre_check/typeshed/stubs/python-datemath",
    "/Users/shimizumasami/opt/anaconda3/lib/pyre_check/typeshed/stubs/python-dateutil",
    "/Users/shimizumasami/opt/anaconda3/lib/pyre_check/typeshed/stubs/python-gflags",
    "/Users/shimizumasami/opt/anaconda3/lib/pyre_check/typeshed/stubs/python-jose",
    "/Users/shimizumasami/opt/anaconda3/lib/pyre_check/typeshed/stubs/python-nmap",
    "/Users/shimizumasami/opt/anaconda3/lib/pyre_check/typeshed/stubs/python-slugify",
    "/Users/shimizumasami/opt/anaconda3/lib/pyre_check/typeshed/stubs/python-xlib",
    "/Users/shimizumasami/opt/anaconda3/lib/pyre_check/typeshed/stubs/pytz",
    "/Users/shimizumasami/opt/anaconda3/lib/pyre_check/typeshed/stubs/pyvmomi",
    "/Users/shimizumasami/opt/anaconda3/lib/pyre_check/typeshed/stubs/pywin32",
    "/Users/shimizumasami/opt/anaconda3/lib/pyre_check/typeshed/stubs/redis",
    "/Users/shimizumasami/opt/anaconda3/lib/pyre_check/typeshed/stubs/regex",
    "/Users/shimizumasami/opt/anaconda3/lib/pyre_check/typeshed/stubs/requests",
    "/Users/shimizumasami/opt/anaconda3/lib/pyre_check/typeshed/stubs/retry",
    "/Users/shimizumasami/opt/anaconda3/lib/pyre_check/typeshed/stubs/setuptools",
    "/Users/shimizumasami/opt/anaconda3/lib/pyre_check/typeshed/stubs/simplejson",
    "/Users/shimizumasami/opt/anaconda3/lib/pyre_check/typeshed/stubs/singledispatch",
    "/Users/shimizumasami/opt/anaconda3/lib/pyre_check/typeshed/stubs/six",
    "/Users/shimizumasami/opt/anaconda3/lib/pyre_check/typeshed/stubs/slumber",
    "/Users/shimizumasami/opt/anaconda3/lib/pyre_check/typeshed/stubs/stdlib-list",
    "/Users/shimizumasami/opt/anaconda3/lib/pyre_check/typeshed/stubs/stripe",
    "/Users/shimizumasami/opt/anaconda3/lib/pyre_check/typeshed/stubs/tabulate",
    "/Users/shimizumasami/opt/anaconda3/lib/pyre_check/typeshed/stubs/tensorflow",
    "/Users/shimizumasami/opt/anaconda3/lib/pyre_check/typeshed/stubs/termcolor",
    "/Users/shimizumasami/opt/anaconda3/lib/pyre_check/typeshed/stubs/toml",
    "/Users/shimizumasami/opt/anaconda3/lib/pyre_check/typeshed/stubs/toposort",
    "/Users/shimizumasami/opt/anaconda3/lib/pyre_check/typeshed/stubs/tqdm",
    "/Users/shimizumasami/opt/anaconda3/lib/pyre_check/typeshed/stubs/tree-sitter",
    "/Users/shimizumasami/opt/anaconda3/lib/pyre_check/typeshed/stubs/tree-sitter-languages",
    "/Users/shimizumasami/opt/anaconda3/lib/pyre_check/typeshed/stubs/ttkthemes",
    "/Users/shimizumasami/opt/anaconda3/lib/pyre_check/typeshed/stubs/typed-ast",
    "/Users/shimizumasami/opt/anaconda3/lib/pyre_check/typeshed/stubs/tzlocal",
    "/Users/shimizumasami/opt/anaconda3/lib/pyre_check/typeshed/stubs/ujson",
    "/Users/shimizumasami/opt/anaconda3/lib/pyre_check/typeshed/stubs/untangle",
    "/Users/shimizumasami/opt/anaconda3/lib/pyre_check/typeshed/stubs/urllib3",
    "/Users/shimizumasami/opt/anaconda3/lib/pyre_check/typeshed/stubs/vobject",
    "/Users/shimizumasami/opt/anaconda3/lib/pyre_check/typeshed/stubs/waitress",
    "/Users/shimizumasami/opt/anaconda3/lib/pyre_check/typeshed/stubs/whatthepatch",
    "/Users/shimizumasami/opt/anaconda3/lib/pyre_check/typeshed/stubs/xmltodict",
    "/Users/shimizumasami/opt/anaconda3/lib/pyre_check/typeshed/stubs/xxhash",
    "/Users/shimizumasami/opt/anaconda3/lib/pyre_check/typeshed/stubs/zstd",
    "/Users/shimizumasami/opt/anaconda3/lib/pyre_check/typeshed/stubs/zxcvbn"
  ],
  "excludes": [],
  "checked_directory_allowlist": [
    "/Users/shimizumasami/Desktop/\u6e05\u6c34\u6b63\u5df3\u306e\u30d5\u30a9\u30eb\u30bf\u3099/\u500b\u4eba\u7528/\u52c9\u5f37/@Umich/GRE/Vocabulary/Vocabulary/github"
  ],
  "checked_directory_blocklist": [],
  "extensions": [],
  "log_path": "/Users/shimizumasami/Desktop/\u6e05\u6c34\u6b63\u5df3\u306e\u30d5\u30a9\u30eb\u30bf\u3099/\u500b\u4eba\u7528/\u52c9\u5f37/@Umich/GRE/Vocabulary/Vocabulary/github/.pyre",
  "global_root": "/Users/shimizumasami/Desktop/\u6e05\u6c34\u6b63\u5df3\u306e\u30d5\u30a9\u30eb\u30bf\u3099/\u500b\u4eba\u7528/\u52c9\u5f37/@Umich/GRE/Vocabulary/Vocabulary/github",
  "debug": false,
  "python_version": {
    "major": 3,
    "minor": 8,
    "micro": 8
  },
  "shared_memory": {},
  "parallel": true,
  "number_of_workers": 3,
  "strict": false,
  "socket_path": "/var/folders/ls/vvhsv1fd2qv6ll1p2k4dg3z80000gt/T/pyre_server_ed1c6f2a062134950da730514318b7d8.sock",
  "show_error_traces": false,
  "additional_logging_sections": [
    "server"
  ],
  "taint_model_paths": [],
  "store_type_check_resolution": false,
  "critical_files": [
    {
      "full_path": "/Users/shimizumasami/Desktop/\u6e05\u6c34\u6b63\u5df3\u306e\u30d5\u30a9\u30eb\u30bf\u3099/\u500b\u4eba\u7528/\u52c9\u5f37/@Umich/GRE/Vocabulary/Vocabulary/github/.pyre_configuration"
    }
  ],
  "skip_initial_type_check": false,
  "use_lazy_module_tracking": false,
  "analyze_external_sources": false,
  "use_errpy_parser": false
}
2023-12-10 10:16:46,338 [PID 17345] INFO Server is starting in the background.

2023-12-10 10:16:47,080 [PID 17345] DEBUG dyld: Symbol not found: __ZNKSt3__115basic_stringbufIcNS_11char_traitsIcEENS_9allocatorIcEEE3strEv
2023-12-10 10:16:47,080 [PID 17345] DEBUG   Referenced from: /Users/shimizumasami/opt/anaconda3/bin/pyre.bin (which was built for Mac OS X 13.0)
2023-12-10 10:16:47,080 [PID 17345] DEBUG   Expected in: /usr/lib/libc++.1.dylib
2023-12-10 10:16:47,080 [PID 17345] DEBUG 
2023-12-10 10:16:47,114 [PID 17345] ERROR Unrecognized status update from server: 
